<?xml version="1.0" encoding="UTF-8"?>
<testsuite name="com.example.dao.PurchaseDaoImplTests" tests="3" skipped="1" failures="0" errors="0" timestamp="2025-08-11T02:58:23" hostname="LABPC" time="0.024">
  <properties/>
  <testcase name="findAllPurchases()" classname="com.example.dao.PurchaseDaoImplTests" time="0.001">
    <skipped/>
  </testcase>
  <testcase name="getPurchase()" classname="com.example.dao.PurchaseDaoImplTests" time="0.009"/>
  <testcase name="savePurchase()" classname="com.example.dao.PurchaseDaoImplTests" time="0.008"/>
  <system-out><![CDATA[]]></system-out>
  <system-err><![CDATA[]]></system-err>
</testsuite>
