<?xml version="1.0" encoding="UTF-8"?>
<testsuite name="com.example.service.mockito.MockitoRegisterTests" tests="1" skipped="0" failures="0" errors="0" timestamp="2025-08-08T13:52:23" hostname="LABPC" time="0.001">
  <properties/>
  <testcase name="testRegister()" classname="com.example.service.mockito.MockitoRegisterTests" time="0.001"/>
  <system-out><![CDATA[]]></system-out>
  <system-err><![CDATA[]]></system-err>
</testsuite>
