<?xml version="1.0" encoding="UTF-8"?>
<testsuite name="com.example.service.RegisterTest" tests="1" skipped="0" failures="0" errors="0" timestamp="2025-08-07T14:54:45" hostname="LABPC" time="0.098">
  <properties/>
  <testcase name="testComputerTotal()" classname="com.example.service.RegisterTest" time="0.098"/>
  <system-out><![CDATA[]]></system-out>
  <system-err><![CDATA[]]></system-err>
</testsuite>
