<?xml version="1.0" encoding="UTF-8"?>
<testsuite name="com.example.service.RegisterCompoundTest" tests="1" skipped="1" failures="0" errors="0" timestamp="2025-08-07T19:07:12" hostname="LABPC" time="0.001">
  <properties/>
  <testcase name="testRegister()" classname="com.example.service.RegisterCompoundTest" time="0.001">
    <skipped/>
  </testcase>
  <system-out><![CDATA[]]></system-out>
  <system-err><![CDATA[]]></system-err>
</testsuite>
