<?xml version="1.0" encoding="UTF-8"?>
<testsuite name="com.example.service.PurchaseServiceImplTests" tests="1" skipped="0" failures="0" errors="0" timestamp="2025-08-11T02:37:50" hostname="LABPC" time="0.001">
  <properties/>
  <testcase name="testFindAllPurchases()" classname="com.example.service.PurchaseServiceImplTests" time="0.001"/>
  <system-out><![CDATA[]]></system-out>
  <system-err><![CDATA[]]></system-err>
</testsuite>
